<?xml version="1.0" encoding="UTF-8"?>
<!-- Generated by org.testng.reporters.JUnitXMLReporter -->
<testsuite ignored="1" hostname="ManiBeeee" failures="0" tests="16" name="Test" time="45.527" errors="0" timestamp="2024-08-02T14:10:48 IST">
  <testcase classname="TestExecution.Runner" name="@BeforeMethod BrowserAssignment" time="3.866">
    <failure type="org.openqa.selenium.SessionNotCreatedException" message="Could not start a new session. Possible causes are invalid address of the remote server or browser start-up failure.
Build info: version: &amp;apos;4.1.0&amp;apos;, revision: &amp;apos;87802e897b&amp;apos;
System info: host: &amp;apos;MANIBEEEE&amp;apos;, ip: &amp;apos;192.168.1.116&amp;apos;, os.name: &amp;apos;Windows 11&amp;apos;, os.arch: &amp;apos;amd64&amp;apos;, os.version: &amp;apos;10.0&amp;apos;, java.version: &amp;apos;21.0.3&amp;apos;
Driver info: org.openqa.selenium.firefox.FirefoxDriver
Command: [null, newSession {capabilities=[Capabilities {acceptInsecureCerts: true, browserName: firefox, moz:debuggerAddress: true, moz:firefoxOptions: {}}], desiredCapabilities=Capabilities {acceptInsecureCerts: true, browserName: firefox, moz:debuggerAddress: true, moz:firefoxOptions: {}}}]">
      <![CDATA[org.openqa.selenium.SessionNotCreatedException: Could not start a new session. Possible causes are invalid address of the remote server or browser start-up failure.
Build info: version: '4.1.0', revision: '87802e897b'
System info: host: 'MANIBEEEE', ip: '192.168.1.116', os.name: 'Windows 11', os.arch: 'amd64', os.version: '10.0', java.version: '21.0.3'
Driver info: org.openqa.selenium.firefox.FirefoxDriver
Command: [null, newSession {capabilities=[Capabilities {acceptInsecureCerts: true, browserName: firefox, moz:debuggerAddress: true, moz:firefoxOptions: {}}], desiredCapabilities=Capabilities {acceptInsecureCerts: true, browserName: firefox, moz:debuggerAddress: true, moz:firefoxOptions: {}}}]
at org.openqa.selenium.remote.RemoteWebDriver.execute(RemoteWebDriver.java:577)
at org.openqa.selenium.remote.RemoteWebDriver.startSession(RemoteWebDriver.java:246)
at org.openqa.selenium.remote.RemoteWebDriver.<init>(RemoteWebDriver.java:168)
at org.openqa.selenium.firefox.FirefoxDriver.<init>(FirefoxDriver.java:198)
at org.openqa.selenium.firefox.FirefoxDriver.<init>(FirefoxDriver.java:186)
at TestExecution.Runner.BrowserAssignment(Runner.java:49)
at java.base/java.util.concurrent.ThreadPoolExecutor.runWorker(ThreadPoolExecutor.java:1144)
at java.base/java.util.concurrent.ThreadPoolExecutor$Worker.run(ThreadPoolExecutor.java:642)
at java.base/java.lang.Thread.run(Thread.java:1583)
Caused by: java.io.UncheckedIOException: java.net.ConnectException: Connection refused: getsockopt: localhost/[0:0:0:0:0:0:0:1]:63357
at org.openqa.selenium.remote.http.netty.NettyHttpHandler.makeCall(NettyHttpHandler.java:80)
at org.openqa.selenium.remote.http.AddSeleniumUserAgent.lambda$apply$0(AddSeleniumUserAgent.java:42)
at org.openqa.selenium.remote.http.Filter.lambda$andFinally$1(Filter.java:56)
at org.openqa.selenium.remote.http.netty.NettyHttpHandler.execute(NettyHttpHandler.java:51)
at org.openqa.selenium.remote.http.AddSeleniumUserAgent.lambda$apply$0(AddSeleniumUserAgent.java:42)
at org.openqa.selenium.remote.http.Filter.lambda$andFinally$1(Filter.java:56)
at org.openqa.selenium.remote.http.netty.NettyClient.execute(NettyClient.java:108)
at org.openqa.selenium.remote.ProtocolHandshake.createSession(ProtocolHandshake.java:102)
at org.openqa.selenium.remote.ProtocolHandshake.createSession(ProtocolHandshake.java:84)
at org.openqa.selenium.remote.ProtocolHandshake.createSession(ProtocolHandshake.java:62)
at org.openqa.selenium.remote.HttpCommandExecutor.execute(HttpCommandExecutor.java:156)
at org.openqa.selenium.remote.service.DriverCommandExecutor.invokeExecute(DriverCommandExecutor.java:164)
at org.openqa.selenium.remote.service.DriverCommandExecutor.execute(DriverCommandExecutor.java:139)
at org.openqa.selenium.remote.RemoteWebDriver.execute(RemoteWebDriver.java:559)
... 22 more
Caused by: java.net.ConnectException: Connection refused: getsockopt: localhost/[0:0:0:0:0:0:0:1]:63357
at org.asynchttpclient.netty.channel.NettyConnectListener.onFailure(NettyConnectListener.java:179)
at org.asynchttpclient.netty.channel.NettyChannelConnector$1.onFailure(NettyChannelConnector.java:108)
at org.asynchttpclient.netty.SimpleChannelFutureListener.operationComplete(SimpleChannelFutureListener.java:28)
at org.asynchttpclient.netty.SimpleChannelFutureListener.operationComplete(SimpleChannelFutureListener.java:20)
at io.netty.util.concurrent.DefaultPromise.notifyListener0(DefaultPromise.java:578)
at io.netty.util.concurrent.DefaultPromise.notifyListeners0(DefaultPromise.java:571)
at io.netty.util.concurrent.DefaultPromise.notifyListenersNow(DefaultPromise.java:550)
at io.netty.util.concurrent.DefaultPromise.notifyListeners(DefaultPromise.java:491)
at io.netty.util.concurrent.DefaultPromise.setValue0(DefaultPromise.java:616)
at io.netty.util.concurrent.DefaultPromise.setFailure0(DefaultPromise.java:609)
at io.netty.util.concurrent.DefaultPromise.tryFailure(DefaultPromise.java:117)
at io.netty.channel.nio.AbstractNioChannel$AbstractNioUnsafe.fulfillConnectPromise(AbstractNioChannel.java:321)
at io.netty.channel.nio.AbstractNioChannel$AbstractNioUnsafe.finishConnect(AbstractNioChannel.java:337)
at io.netty.channel.nio.NioEventLoop.processSelectedKey(NioEventLoop.java:707)
at io.netty.channel.nio.NioEventLoop.processSelectedKeysOptimized(NioEventLoop.java:655)
at io.netty.channel.nio.NioEventLoop.processSelectedKeys(NioEventLoop.java:581)
at io.netty.channel.nio.NioEventLoop.run(NioEventLoop.java:493)
at io.netty.util.concurrent.SingleThreadEventExecutor$4.run(SingleThreadEventExecutor.java:986)
at io.netty.util.internal.ThreadExecutorMap$2.run(ThreadExecutorMap.java:74)
at io.netty.util.concurrent.FastThreadLocalRunnable.run(FastThreadLocalRunnable.java:30)
... 1 more
Caused by: io.netty.channel.AbstractChannel$AnnotatedConnectException: Connection refused: getsockopt: localhost/[0:0:0:0:0:0:0:1]:63357
Caused by: java.net.ConnectException: Connection refused: getsockopt
at java.base/sun.nio.ch.Net.pollConnect(Native Method)
at java.base/sun.nio.ch.Net.pollConnectNow(Net.java:682)
at java.base/sun.nio.ch.SocketChannelImpl.finishConnect(SocketChannelImpl.java:973)
at io.netty.channel.socket.nio.NioSocketChannel.doFinishConnect(NioSocketChannel.java:330)
at io.netty.channel.nio.AbstractNioChannel$AbstractNioUnsafe.finishConnect(AbstractNioChannel.java:334)
at io.netty.channel.nio.NioEventLoop.processSelectedKey(NioEventLoop.java:707)
at io.netty.channel.nio.NioEventLoop.processSelectedKeysOptimized(NioEventLoop.java:655)
at io.netty.channel.nio.NioEventLoop.processSelectedKeys(NioEventLoop.java:581)
at io.netty.channel.nio.NioEventLoop.run(NioEventLoop.java:493)
at io.netty.util.concurrent.SingleThreadEventExecutor$4.run(SingleThreadEventExecutor.java:986)
at io.netty.util.internal.ThreadExecutorMap$2.run(ThreadExecutorMap.java:74)
at io.netty.util.concurrent.FastThreadLocalRunnable.run(FastThreadLocalRunnable.java:30)
at java.base/java.lang.Thread.run(Thread.java:1583)
... Removed 14 stack frames]]>
    </failure>
  </testcase> <!-- @BeforeMethod BrowserAssignment -->
  <testcase classname="TestExecution.Runner" name="@AfterMethod CloseBrowser" time="-1.722588006458E9">
    <skipped/>
  </testcase> <!-- @AfterMethod CloseBrowser -->
  <testcase classname="TestExecution.Runner" name="@BeforeMethod BrowserAssignment" time="-1.722588006459E9">
    <skipped/>
  </testcase> <!-- @BeforeMethod BrowserAssignment -->
  <testcase classname="TestExecution.Runner" name="@AfterMethod CloseBrowser" time="-1.72258800646E9">
    <skipped/>
  </testcase> <!-- @AfterMethod CloseBrowser -->
  <testcase classname="TestExecution.Runner" name="@BeforeMethod BrowserAssignment" time="-1.722588006462E9">
    <skipped/>
  </testcase> <!-- @BeforeMethod BrowserAssignment -->
  <testcase classname="TestExecution.Runner" name="@AfterMethod CloseBrowser" time="-1.722588006462E9">
    <skipped/>
  </testcase> <!-- @AfterMethod CloseBrowser -->
  <testcase classname="TestExecution.Runner" name="@AfterMethod CloseBrowser" time="-1.72258803188E9">
    <skipped/>
  </testcase> <!-- @AfterMethod CloseBrowser -->
  <testcase classname="TestExecution.Runner" name="@BeforeMethod BrowserAssignment" time="-1.722588031885E9">
    <skipped/>
  </testcase> <!-- @BeforeMethod BrowserAssignment -->
  <testcase classname="TestExecution.Runner" name="@AfterMethod CloseBrowser" time="-1.722588031886E9">
    <skipped/>
  </testcase> <!-- @AfterMethod CloseBrowser -->
  <testcase classname="TestExecution.Runner" name="@BeforeMethod BrowserAssignment" time="-1.722588031889E9">
    <skipped/>
  </testcase> <!-- @BeforeMethod BrowserAssignment -->
  <testcase classname="TestExecution.Runner" name="@AfterMethod CloseBrowser" time="-1.722588031893E9">
    <skipped/>
  </testcase> <!-- @AfterMethod CloseBrowser -->
  <testcase classname="TestExecution.Runner" name="@BeforeMethod BrowserAssignment" time="-1.722588031894E9">
    <skipped/>
  </testcase> <!-- @BeforeMethod BrowserAssignment -->
  <testcase classname="TestExecution.Runner" name="@AfterMethod CloseBrowser" time="-1.722588031928E9">
    <skipped/>
  </testcase> <!-- @AfterMethod CloseBrowser -->
  <testcase classname="TestExecution.Runner" name="@BeforeMethod BrowserAssignment" time="-1.72258803193E9">
    <skipped/>
  </testcase> <!-- @BeforeMethod BrowserAssignment -->
  <testcase classname="TestExecution.Runner" name="@AfterMethod CloseBrowser" time="-1.722588031931E9">
    <skipped/>
  </testcase> <!-- @AfterMethod CloseBrowser -->
  <testcase classname="TestExecution.Runner" name="@BeforeMethod BrowserAssignment" time="-1.722588031932E9">
    <skipped/>
  </testcase> <!-- @BeforeMethod BrowserAssignment -->
  <testcase classname="TestExecution.Runner" name="@AfterMethod CloseBrowser" time="-1.722588031933E9">
    <skipped/>
  </testcase> <!-- @AfterMethod CloseBrowser -->
  <testcase classname="TestExecution.Runner" name="@AfterMethod CloseBrowser" time="-1.722588034317E9">
    <skipped/>
  </testcase> <!-- @AfterMethod CloseBrowser -->
  <testcase classname="TestExecution.Runner" name="@AfterMethod CloseBrowser" time="-1.72258803603E9">
    <skipped/>
  </testcase> <!-- @AfterMethod CloseBrowser -->
  <testcase classname="TestExecution.Runner" name="@AfterMethod CloseBrowser" time="-1.722588036471E9">
    <skipped/>
  </testcase> <!-- @AfterMethod CloseBrowser -->
  <testcase classname="TestExecution.Runner" name="@AfterMethod CloseBrowser" time="-1.722588037073E9">
    <skipped/>
  </testcase> <!-- @AfterMethod CloseBrowser -->
  <testcase classname="TestExecution.Runner" name="@AfterMethod CloseBrowser" time="-1.722588039859E9">
    <skipped/>
  </testcase> <!-- @AfterMethod CloseBrowser -->
  <testcase classname="TestExecution.Runner" name="@AfterMethod CloseBrowser" time="-1.722588040811E9">
    <skipped/>
  </testcase> <!-- @AfterMethod CloseBrowser -->
  <testcase classname="TestExecution.Runner" name="@AfterMethod CloseBrowser" time="-1.722588048034E9">
    <skipped/>
  </testcase> <!-- @AfterMethod CloseBrowser -->
  <testcase classname="TestExecution.Runner" name="ActionsUsage" time="0.0">
    <skipped/>
  </testcase> <!-- ActionsUsage -->
  <testcase classname="TestExecution.Runner" name="PageFactoryExample" time="0.0">
    <skipped/>
  </testcase> <!-- PageFactoryExample -->
  <testcase classname="TestExecution.Runner" name="headless" time="0.0">
    <skipped/>
  </testcase> <!-- headless -->
  <testcase classname="TestExecution.Runner" name="InvocationExample" time="0.0">
    <skipped/>
  </testcase> <!-- InvocationExample -->
  <testcase classname="TestExecution.Runner" name="InvocationExample" time="0.0">
    <skipped/>
  </testcase> <!-- InvocationExample -->
  <testcase classname="TestExecution.Runner" name="InvocationExample" time="0.0">
    <skipped/>
  </testcase> <!-- InvocationExample -->
  <testcase classname="TestExecution.Runner" name="InvocationExample" time="0.0">
    <skipped/>
  </testcase> <!-- InvocationExample -->
  <testcase classname="TestExecution.Runner" name="InvocationExample" time="0.0">
    <skipped/>
  </testcase> <!-- InvocationExample -->
  <testcase classname="TestExecution.Runner" name="InvocationExample" time="0.0">
    <skipped/>
  </testcase> <!-- InvocationExample -->
  <testcase classname="TestExecution.Runner" name="InvocationExample" time="0.0">
    <skipped/>
  </testcase> <!-- InvocationExample -->
  <testcase classname="TestExecution.Runner" name="InvocationExample" time="0.0">
    <skipped/>
  </testcase> <!-- InvocationExample -->
  <testcase classname="TestExecution.Runner" name="HiddenElements" time="0.0">
    <skipped/>
  </testcase> <!-- HiddenElements -->
  <testcase classname="TestExecution.Runner" name="CheckBrokenLink" time="0.0">
    <skipped/>
  </testcase> <!-- CheckBrokenLink -->
  <testcase classname="TestExecution.Runner" name="AlertHandling" time="0.0">
    <skipped/>
  </testcase> <!-- AlertHandling -->
  <testcase classname="TestExecution.Runner" name="InvocationExample" time="0.0">
    <skipped/>
  </testcase> <!-- InvocationExample -->
  <testcase classname="TestExecution.Runner" name="InvocationExample" time="0.0">
    <skipped/>
  </testcase> <!-- InvocationExample -->
  <testcase classname="TestExecution.Runner" name="WindowHandles" time="0.0">
    <ignored/>
  </testcase> <!-- WindowHandles -->
</testsuite> <!-- Test -->
