<?xml version="1.0" encoding="UTF-8"?>
<!-- Generated by org.testng.reporters.JUnitXMLReporter -->
<testsuite ignored="0" hostname="ManiBeeee" failures="1" tests="3" name="Default test" time="0.216" errors="0" timestamp="2024-07-30T22:17:48 IST">
  <testcase classname="PRACS.SanityTest" name="@AfterTest afterTest" time="0.01">
    <failure type="java.lang.AssertionError" message="expected [true] but found [false]">
      <![CDATA[java.lang.AssertionError: expected [true] but found [false]
at org.testng@7.10.2/org.testng.Assert.fail(Assert.java:111)
at org.testng@7.10.2/org.testng.Assert.failNotEquals(Assert.java:1578)
at org.testng@7.10.2/org.testng.Assert.assertEqualsImpl(Assert.java:150)
at org.testng@7.10.2/org.testng.Assert.assertEquals(Assert.java:132)
at org.testng@7.10.2/org.testng.Assert.assertEquals(Assert.java:1067)
at org.testng@7.10.2/org.testng.Assert.assertEquals(Assert.java:1031)
at org.testng@7.10.2/org.testng.Assert.assertEquals(Assert.java:1077)
at TESTNGPRACTS@0.0.1-SNAPSHOT/PRACS.SanityTest.afterTest(SanityTest.java:61)
at java.base/jdk.internal.reflect.DirectMethodHandleAccessor.invoke(DirectMethodHandleAccessor.java:103)
at java.base/java.lang.reflect.Method.invoke(Method.java:580)
at org.testng@7.10.2/org.testng.internal.invokers.MethodInvocationHelper.invokeMethod(MethodInvocationHelper.java:141)
at org.testng@7.10.2/org.testng.internal.invokers.MethodInvocationHelper.invokeMethodConsideringTimeout(MethodInvocationHelper.java:71)
at org.testng@7.10.2/org.testng.internal.invokers.ConfigInvoker.invokeConfigurationMethod(ConfigInvoker.java:400)
at org.testng@7.10.2/org.testng.internal.invokers.ConfigInvoker.invokeConfigurations(ConfigInvoker.java:333)
at org.testng@7.10.2/org.testng.TestRunner.invokeTestConfigurations(TestRunner.java:655)
at org.testng@7.10.2/org.testng.TestRunner.afterRun(TestRunner.java:818)
at org.testng@7.10.2/org.testng.TestRunner.run(TestRunner.java:616)
at org.testng@7.10.2/org.testng.SuiteRunner.runTest(SuiteRunner.java:421)
at org.testng@7.10.2/org.testng.SuiteRunner.runSequentially(SuiteRunner.java:413)
at org.testng@7.10.2/org.testng.SuiteRunner.privateRun(SuiteRunner.java:373)
at org.testng@7.10.2/org.testng.SuiteRunner.run(SuiteRunner.java:312)
at org.testng@7.10.2/org.testng.SuiteRunnerWorker.runSuite(SuiteRunnerWorker.java:52)
at org.testng@7.10.2/org.testng.SuiteRunnerWorker.run(SuiteRunnerWorker.java:95)
at org.testng@7.10.2/org.testng.TestNG.runSuitesSequentially(TestNG.java:1274)
at org.testng@7.10.2/org.testng.TestNG.runSuitesLocally(TestNG.java:1208)
at org.testng@7.10.2/org.testng.TestNG.runSuites(TestNG.java:1112)
at org.testng@7.10.2/org.testng.TestNG.run(TestNG.java:1079)
at org.testng.remote.AbstractRemoteTestNG.run(AbstractRemoteTestNG.java:115)
at org.testng.remote.RemoteTestNG.initAndRun(RemoteTestNG.java:293)
at org.testng.remote.RemoteTestNG.main(RemoteTestNG.java:91)
]]>
    </failure>
  </testcase> <!-- @AfterTest afterTest -->
  <testcase classname="PRACS.SanityTest" name="SmokeGroupMethod" time="0.0">
    <failure type="org.testng.TestNGException" message="
Parameter &amp;apos;Environment&amp;apos; is required by @Test on method SmokeGroupMethod but has not been marked @Optional or defined
in C:\Users\swats\AppData\Local\Temp\testng-eclipse--1476095763\testng-customsuite.xml">
      <![CDATA[org.testng.TestNGException: 
Parameter 'Environment' is required by @Test on method SmokeGroupMethod but has not been marked @Optional or defined
in C:\Users\swats\AppData\Local\Temp\testng-eclipse--1476095763\testng-customsuite.xml
at org.testng@7.10.2/org.testng.internal.Parameters.createParams(Parameters.java:264)
at org.testng@7.10.2/org.testng.internal.Parameters.createParametersForMethod(Parameters.java:352)
at org.testng@7.10.2/org.testng.internal.Parameters.createParameters(Parameters.java:690)
at org.testng@7.10.2/org.testng.internal.Parameters.handleParameters(Parameters.java:885)
at org.testng@7.10.2/org.testng.internal.Parameters.handleParameters(Parameters.java:734)
at org.testng@7.10.2/org.testng.internal.invokers.ParameterHandler.handleParameters(ParameterHandler.java:72)
at org.testng@7.10.2/org.testng.internal.invokers.ParameterHandler.createParameters(ParameterHandler.java:51)
at org.testng@7.10.2/org.testng.internal.invokers.TestInvoker$MethodInvocationAgent.invoke(TestInvoker.java:946)
at org.testng@7.10.2/org.testng.internal.invokers.TestInvoker.invokeTestMethods(TestInvoker.java:203)
at org.testng@7.10.2/org.testng.internal.invokers.TestMethodWorker.invokeTestMethods(TestMethodWorker.java:154)
at org.testng@7.10.2/org.testng.internal.invokers.TestMethodWorker.run(TestMethodWorker.java:134)
at java.base/java.util.ArrayList.forEach(ArrayList.java:1596)
at org.testng@7.10.2/org.testng.TestRunner.privateRun(TestRunner.java:739)
at org.testng@7.10.2/org.testng.TestRunner.run(TestRunner.java:614)
at org.testng@7.10.2/org.testng.SuiteRunner.runTest(SuiteRunner.java:421)
at org.testng@7.10.2/org.testng.SuiteRunner.runSequentially(SuiteRunner.java:413)
at org.testng@7.10.2/org.testng.SuiteRunner.privateRun(SuiteRunner.java:373)
at org.testng@7.10.2/org.testng.SuiteRunner.run(SuiteRunner.java:312)
at org.testng@7.10.2/org.testng.SuiteRunnerWorker.runSuite(SuiteRunnerWorker.java:52)
at org.testng@7.10.2/org.testng.SuiteRunnerWorker.run(SuiteRunnerWorker.java:95)
at org.testng@7.10.2/org.testng.TestNG.runSuitesSequentially(TestNG.java:1274)
at org.testng@7.10.2/org.testng.TestNG.runSuitesLocally(TestNG.java:1208)
at org.testng@7.10.2/org.testng.TestNG.runSuites(TestNG.java:1112)
at org.testng@7.10.2/org.testng.TestNG.run(TestNG.java:1079)
at org.testng.remote.AbstractRemoteTestNG.run(AbstractRemoteTestNG.java:115)
at org.testng.remote.RemoteTestNG.initAndRun(RemoteTestNG.java:293)
at org.testng.remote.RemoteTestNG.main(RemoteTestNG.java:91)
]]>
    </failure>
  </testcase> <!-- SmokeGroupMethod -->
  <testcase classname="PRACS.SanityTest" name="f" time="0.011"/>
  <testcase classname="PRACS.SanityTest" name="f" time="0.003"/>
</testsuite> <!-- Default test -->
